Mode  -  Key sequence  -  Command

n	<C-F>	* :Find<Space>
 	<C-H>	* <C-W>h
n	<Tab>	* :bnext<CR>
 	<NL>	* <C-W>j
 	<C-K>	* <C-W>k
 	<C-L>	* <C-W>l
 	<C-P>	<Plug>(ctrlp)
n	<C-Y>A	<Plug>(emmet-anchorize-summary)
n	<C-Y>a	<Plug>(emmet-anchorize-url)
n	<C-Y>k	<Plug>(emmet-remove-tag)
n	<C-Y>j	<Plug>(emmet-split-join-tag)
n	<C-Y>/	<Plug>(emmet-toggle-comment)
n	<C-Y>i	<Plug>(emmet-image-size)
n	<C-Y>N	<Plug>(emmet-move-prev)
n	<C-Y>n	<Plug>(emmet-move-next)
n	<C-Y>D	<Plug>(emmet-balance-tag-outword)
n	<C-Y>d	<Plug>(emmet-balance-tag-inward)
n	<C-Y>u	<Plug>(emmet-update-tag)
n	<C-Y>;	<Plug>(emmet-expand-word)
n	<C-Y>,	<Plug>(emmet-expand-abbr)
 	<C-_>	a<C-_><Esc>
n	<Space>	* :exe 'silent! normal! '.((foldclosed('.')>0)? 'zMzx' : 'zc')<CR>
n	<SNR>35_:	* :<C-U><C-R>=v:count ? v:count : ''<CR>
n	<S-Tab>	* :bprev<CR>
n	<F2>	* :set invpaste paste?<CR>
n	<D-v>	"*P
 	<C-H>	* <C-W>h
 	<NL>	* <C-W>j
 	<C-K>	* <C-W>k
 	<C-L>	* <C-W>l
 	<C-P>	<Plug>(ctrlp)
v	<C-Y>c	<Plug>(emmet-code-pretty)
v	<C-Y>m	<Plug>(emmet-merge-lines)
v	<C-Y>D	<Plug>(emmet-balance-tag-outword)
v	<C-Y>d	<Plug>(emmet-balance-tag-inward)
v	<C-Y>,	<Plug>(emmet-expand-abbr)
 	<C-_>	a<C-_><Esc>
v	<	* <<CR>gv
v	<BS>	"-d
v	<D-x>	"*d
v	<D-c>	"*y
v	<D-v>	"-d"*P
